SF:lib\data\datasources\db\database_helper.dart
DA:8,1
DA:12,2
DA:19,1
DA:20,1
DA:24,1
DA:25,1
DA:26,0
DA:28,0
DA:32,0
DA:33,0
DA:42,0
DA:52,1
DA:53,1
DA:54,0
DA:57,1
DA:58,1
DA:59,0
DA:62,0
DA:66,1
DA:67,1
DA:68,0
DA:71,0
DA:74,0
DA:75,0
DA:81,1
DA:82,1
DA:83,0
DA:88,1
DA:89,1
DA:90,0
DA:93,1
DA:94,1
DA:95,0
DA:98,0
DA:102,1
DA:103,1
DA:104,0
DA:107,0
DA:109,0
DA:110,0
DA:115,1
DA:116,1
DA:117,0
LF:43
LH:22
end_of_record
SF:lib\utils\constants.dart
DA:15,2
DA:16,1
DA:17,3
DA:19,3
DA:21,3
DA:25,0
DA:26,0
DA:27,0
DA:28,0
DA:29,0
DA:32,3
DA:33,1
LF:12
LH:7
end_of_record
