SF:lib\data\datasources\db\database_helper.dart
DA:8,1
DA:12,2
DA:19,1
DA:20,1
DA:24,1
DA:25,1
DA:26,1
DA:28,2
DA:32,1
DA:33,1
DA:42,1
DA:52,1
DA:53,1
DA:54,2
DA:57,1
DA:58,1
DA:59,1
DA:62,2
DA:66,1
DA:67,1
DA:68,1
DA:71,1
DA:74,1
DA:75,0
DA:81,1
DA:82,1
DA:83,1
DA:88,1
DA:89,1
DA:90,2
DA:93,1
DA:94,1
DA:95,1
DA:98,2
DA:102,1
DA:103,1
DA:104,1
DA:107,1
DA:109,1
DA:110,0
DA:115,1
DA:116,1
DA:117,1
DA:122,1
DA:123,1
LF:45
LH:43
end_of_record
SF:lib\injection.dart
DA:50,3
DA:52,1
DA:141,1
DA:142,2
DA:145,2
DA:146,2
DA:147,2
DA:148,2
DA:149,2
DA:150,2
DA:151,2
DA:152,2
DA:153,2
DA:154,2
DA:157,2
DA:158,2
DA:159,2
DA:160,2
DA:161,2
DA:162,2
DA:163,2
DA:164,2
DA:165,2
DA:166,2
DA:169,2
DA:170,0
DA:171,0
DA:172,0
DA:175,2
DA:176,0
DA:177,0
DA:178,0
DA:183,2
DA:184,0
DA:185,2
DA:186,0
DA:187,2
DA:188,0
DA:189,2
DA:190,0
DA:193,2
LF:41
LH:31
end_of_record
SF:lib\utils\exception.dart
DA:6,1
LF:1
LH:1
end_of_record
SF:lib\utils\failure.dart
DA:6,9
DA:8,1
DA:9,2
DA:13,9
DA:17,9
DA:21,1
LF:6
LH:6
end_of_record
SF:lib\utils\ssl\dio_ssl_pinning.dart
DA:7,2
DA:8,2
DA:10,4
DA:11,4
DA:13,2
DA:14,2
DA:16,4
DA:17,0
DA:18,0
LF:9
LH:7
end_of_record
SF:lib\utils\constants.dart
DA:15,2
DA:16,1
DA:17,3
DA:19,3
DA:21,3
DA:25,3
DA:26,1
DA:27,1
DA:28,1
DA:29,1
DA:32,3
DA:33,1
LF:12
LH:12
end_of_record
SF:lib\utils\utils.dart
DA:3,3
LF:1
LH:1
end_of_record
