SF:lib\data\datasources\movie_local_data_source.dart
DA:15,1
DA:17,1
DA:20,2
DA:23,2
DA:27,1
DA:30,2
DA:33,2
DA:37,1
DA:39,2
DA:41,1
DA:47,1
DA:49,2
DA:50,4
LF:13
LH:13
end_of_record
SF:lib\data\models\movie_table.dart
DA:11,10
DA:18,4
DA:19,2
DA:20,2
DA:21,2
DA:22,2
DA:25,2
DA:26,1
DA:27,1
DA:28,1
DA:29,1
DA:32,2
DA:33,1
DA:34,1
DA:35,1
DA:36,1
DA:39,4
DA:40,2
DA:41,2
DA:42,2
DA:43,2
DA:46,2
DA:48,10
LF:23
LH:23
end_of_record
SF:lib\domain\entities\genre.dart
DA:4,11
DA:12,2
DA:13,6
LF:3
LH:3
end_of_record
SF:lib\domain\entities\movie.dart
DA:4,22
DA:20,8
DA:49,9
DA:50,9
DA:51,9
DA:52,9
DA:53,9
DA:54,9
DA:55,9
DA:56,9
DA:57,9
DA:58,9
DA:59,9
DA:60,9
DA:61,9
DA:62,9
DA:63,9
LF:17
LH:17
end_of_record
SF:lib\domain\entities\movie_detail.dart
DA:5,11
DA:33,2
DA:34,2
DA:35,2
DA:36,2
DA:37,2
DA:38,2
DA:39,2
DA:40,2
DA:41,2
DA:42,2
DA:43,2
DA:44,2
DA:45,2
LF:14
LH:14
end_of_record
SF:lib\data\datasources\movie_remote_data_source.dart
DA:22,1
DA:24,1
DA:26,2
DA:27,2
DA:28,3
DA:30,1
DA:34,1
DA:36,3
DA:38,2
DA:39,2
DA:41,1
DA:45,1
DA:47,3
DA:49,2
DA:50,3
DA:52,1
DA:56,1
DA:58,2
DA:60,2
DA:61,3
DA:63,1
DA:67,1
DA:69,2
DA:71,2
DA:72,3
DA:74,1
DA:78,1
DA:80,3
DA:82,2
DA:83,3
DA:85,1
LF:31
LH:31
end_of_record
SF:lib\data\models\movie_detail_model.dart
DA:6,4
DA:52,2
DA:53,2
DA:54,2
DA:55,2
DA:56,2
DA:57,2
DA:58,8
DA:59,2
DA:60,2
DA:61,2
DA:62,2
DA:63,2
DA:64,2
DA:65,4
DA:66,2
DA:67,2
DA:68,2
DA:69,2
DA:70,2
DA:71,2
DA:72,2
DA:73,2
DA:74,4
DA:75,2
DA:78,2
DA:79,1
DA:80,1
DA:81,1
DA:82,5
DA:83,1
DA:84,1
DA:85,1
DA:86,1
DA:87,1
DA:88,1
DA:89,1
DA:90,1
DA:91,1
DA:92,1
DA:93,1
DA:94,1
DA:95,1
DA:96,1
DA:97,1
DA:98,1
DA:99,1
DA:102,2
DA:103,2
DA:104,2
DA:105,2
DA:106,10
DA:107,2
DA:108,2
DA:109,2
DA:110,2
DA:111,2
DA:112,2
DA:113,2
DA:114,2
DA:115,2
DA:119,2
DA:121,2
DA:122,2
DA:123,2
DA:124,2
DA:125,2
DA:126,2
DA:127,2
DA:128,2
DA:129,2
DA:130,2
DA:131,2
DA:132,2
DA:133,2
DA:134,2
DA:135,2
DA:136,2
DA:137,2
DA:138,2
DA:139,2
DA:140,2
DA:141,2
DA:142,2
LF:84
LH:84
end_of_record
SF:lib\data\models\movie_model.dart
DA:5,5
DA:35,4
DA:36,2
DA:37,2
DA:38,8
DA:39,2
DA:40,2
DA:41,2
DA:42,4
DA:43,2
DA:44,2
DA:45,2
DA:46,2
DA:47,4
DA:48,2
DA:51,2
DA:52,1
DA:53,1
DA:54,4
DA:55,1
DA:56,1
DA:57,1
DA:58,1
DA:59,1
DA:60,1
DA:61,1
DA:62,1
DA:63,1
DA:64,1
DA:67,2
DA:68,2
DA:69,2
DA:70,2
DA:71,2
DA:72,2
DA:73,2
DA:74,2
DA:75,2
DA:76,2
DA:77,2
DA:78,2
DA:79,2
DA:80,2
DA:81,2
DA:85,2
DA:86,2
DA:87,2
DA:88,2
DA:89,2
DA:90,2
DA:91,2
DA:92,2
DA:93,2
DA:94,2
DA:95,2
DA:96,2
DA:97,2
DA:98,2
DA:99,2
LF:59
LH:59
end_of_record
SF:lib\data\models\movie_response.dart
DA:7,3
DA:9,4
DA:10,4
DA:11,6
DA:12,6
DA:15,2
DA:16,5
DA:19,1
DA:20,2
LF:9
LH:9
end_of_record
SF:lib\data\models\genre_model.dart
DA:5,6
DA:13,6
DA:14,3
DA:15,3
DA:18,4
DA:19,2
DA:20,2
DA:23,3
DA:24,9
DA:27,3
DA:28,9
LF:11
LH:11
end_of_record
SF:lib\data\repositories\movie_repository_impl.dart
DA:17,1
DA:22,1
DA:25,2
DA:26,5
DA:27,1
DA:29,1
DA:34,1
DA:37,2
DA:38,2
DA:39,1
DA:41,1
DA:46,1
DA:49,2
DA:50,3
DA:51,1
DA:53,1
DA:58,1
DA:61,2
DA:62,5
DA:63,1
DA:65,1
DA:70,1
DA:73,2
DA:74,5
DA:75,1
DA:77,1
DA:82,1
DA:85,2
DA:86,5
DA:87,1
DA:89,1
DA:94,1
DA:98,3
DA:99,1
DA:100,1
DA:101,3
DA:107,1
DA:111,3
DA:112,1
DA:113,1
DA:114,3
DA:118,1
DA:120,2
DA:124,1
DA:126,2
DA:127,5
LF:46
LH:46
end_of_record
SF:lib\domain\usecases\get_movie_detail.dart
DA:9,1
DA:11,1
DA:12,2
LF:3
LH:3
end_of_record
SF:lib\domain\usecases\get_movie_recommendations.dart
DA:9,1
DA:11,1
DA:12,2
LF:3
LH:3
end_of_record
SF:lib\domain\usecases\get_now_playing_movies.dart
DA:9,1
DA:11,1
DA:12,2
LF:3
LH:3
end_of_record
SF:lib\domain\usecases\get_popular_movies.dart
DA:9,1
DA:11,1
DA:12,2
LF:3
LH:3
end_of_record
SF:lib\domain\usecases\get_top_rated_movies.dart
DA:9,1
DA:11,1
DA:12,2
LF:3
LH:3
end_of_record
SF:lib\domain\usecases\get_watchlist_movies.dart
DA:9,1
DA:11,1
DA:12,2
LF:3
LH:3
end_of_record
SF:lib\domain\usecases\get_watchlist_status.dart
DA:6,1
DA:8,1
DA:9,2
LF:3
LH:3
end_of_record
SF:lib\domain\usecases\remove_watchlist.dart
DA:9,1
DA:11,1
DA:12,2
LF:3
LH:3
end_of_record
SF:lib\domain\usecases\save_watchlist.dart
DA:9,1
DA:11,1
DA:12,2
LF:3
LH:3
end_of_record
SF:lib\domain\usecases\search_movies.dart
DA:9,1
DA:11,1
DA:12,2
LF:3
LH:3
end_of_record
SF:lib\presentation\bloc\movie_list\movie_list_bloc.dart
DA:14,1
DA:18,1
DA:19,2
DA:22,1
DA:25,3
DA:32,2
DA:33,1
DA:34,1
DA:35,3
DA:37,1
DA:40,1
DA:41,3
DA:49,2
DA:50,1
DA:51,1
DA:52,3
DA:54,1
DA:57,1
DA:58,3
DA:66,2
DA:67,1
DA:68,1
DA:69,3
DA:71,1
DA:74,1
DA:75,3
LF:26
LH:26
end_of_record
SF:lib\presentation\bloc\movie_list\movie_list_event.dart
DA:4,1
DA:5,1
DA:6,1
LF:3
LH:3
end_of_record
SF:lib\presentation\bloc\movie_list\movie_list_state.dart
DA:14,3
DA:24,1
DA:33,1
DA:34,1
DA:35,1
DA:36,1
DA:37,1
DA:38,1
DA:39,1
DA:40,1
DA:44,1
DA:45,1
DA:46,1
DA:47,1
DA:48,1
DA:49,1
DA:50,1
DA:51,1
DA:52,1
LF:19
LH:19
end_of_record
SF:lib\presentation\bloc\movie_detail\movie_detail_bloc.dart
DA:18,1
DA:24,1
DA:25,2
DA:26,2
DA:27,2
DA:28,2
DA:31,1
DA:33,3
DA:34,3
DA:36,3
DA:38,1
DA:39,1
DA:40,3
DA:42,1
DA:45,1
DA:46,3
DA:50,1
DA:51,1
DA:52,3
DA:54,1
DA:57,1
DA:58,3
DA:68,1
DA:70,3
DA:71,1
DA:72,1
DA:73,4
DA:75,1
DA:76,3
DA:79,4
DA:82,1
DA:84,3
DA:85,1
DA:86,1
DA:87,4
DA:89,1
DA:90,3
DA:93,4
DA:96,1
DA:98,3
DA:99,3
LF:41
LH:41
end_of_record
SF:lib\presentation\bloc\movie_detail\movie_detail_event.dart
DA:5,3
DA:6,0
DA:7,0
DA:12,2
DA:13,1
DA:14,2
DA:19,2
DA:20,1
DA:21,2
DA:26,2
DA:27,1
DA:28,2
DA:33,3
DA:34,1
DA:35,2
LF:15
LH:13
end_of_record
SF:lib\presentation\bloc\movie_detail\movie_detail_state.dart
DA:15,10
DA:25,2
DA:34,2
DA:35,2
DA:36,2
DA:37,2
DA:38,2
DA:39,2
DA:40,2
DA:41,1
DA:45,1
DA:46,1
DA:47,1
DA:48,1
DA:49,1
DA:50,1
DA:51,1
DA:52,1
DA:53,1
LF:19
LH:19
end_of_record
SF:lib\presentation\bloc\movie_search\movie_search_bloc.dart
DA:10,1
DA:11,1
DA:12,2
DA:15,1
DA:17,3
DA:18,3
DA:19,1
DA:20,1
DA:21,3
DA:23,1
DA:26,1
DA:27,3
LF:12
LH:12
end_of_record
SF:lib\presentation\bloc\movie_search\movie_search_event.dart
DA:4,1
DA:5,0
DA:6,0
DA:12,1
DA:14,1
DA:15,2
LF:6
LH:4
end_of_record
SF:lib\presentation\bloc\movie_search\movie_search_state.dart
DA:10,3
DA:16,1
DA:21,1
DA:22,0
DA:23,1
DA:24,1
DA:28,1
DA:29,4
LF:8
LH:7
end_of_record
SF:lib\presentation\bloc\now_playing_movies\now_playing_movies_bloc.dart
DA:11,1
DA:12,1
DA:13,2
DA:16,1
DA:18,3
DA:19,2
DA:20,1
DA:21,1
DA:22,3
DA:23,1
DA:25,1
DA:26,3
LF:12
LH:12
end_of_record
SF:lib\presentation\bloc\now_playing_movies\now_playing_movies_event.dart
DA:4,2
DA:5,1
DA:6,1
LF:3
LH:3
end_of_record
SF:lib\presentation\bloc\now_playing_movies\now_playing_movies_state.dart
DA:10,8
DA:16,1
DA:21,1
DA:22,0
DA:23,1
DA:24,1
DA:28,1
DA:29,4
LF:8
LH:7
end_of_record
SF:lib\presentation\bloc\popular_movies\popular_movies_bloc.dart
DA:10,1
DA:11,1
DA:12,2
DA:15,1
DA:17,3
DA:18,2
DA:19,1
DA:20,1
DA:21,3
DA:23,1
DA:26,1
DA:27,3
LF:12
LH:12
end_of_record
SF:lib\presentation\bloc\popular_movies\popular_movies_event.dart
DA:4,2
DA:5,1
DA:6,1
LF:3
LH:3
end_of_record
SF:lib\presentation\bloc\popular_movies\popular_movies_state.dart
DA:10,5
DA:16,1
DA:21,1
DA:22,0
DA:23,1
DA:24,1
DA:28,1
DA:29,4
LF:8
LH:7
end_of_record
SF:lib\presentation\bloc\top_rated_movies\top_rated_movies_bloc.dart
DA:11,1
DA:12,1
DA:13,2
DA:16,1
DA:18,3
DA:19,2
DA:20,1
DA:21,1
DA:22,3
DA:24,1
DA:27,1
DA:28,3
LF:12
LH:12
end_of_record
SF:lib\presentation\bloc\top_rated_movies\top_rated_movies_event.dart
DA:4,2
DA:5,1
DA:6,1
LF:3
LH:3
end_of_record
SF:lib\presentation\bloc\top_rated_movies\top_rated_movies_state.dart
DA:10,5
DA:16,1
DA:21,1
DA:22,0
DA:23,1
DA:24,1
DA:28,1
DA:29,4
LF:8
LH:7
end_of_record
SF:lib\presentation\bloc\watchlist_movie\watchlist_movie_bloc.dart
DA:11,1
DA:12,1
DA:13,2
DA:16,1
DA:18,3
DA:19,2
DA:20,1
DA:21,1
DA:22,3
DA:24,1
DA:27,1
DA:28,3
LF:12
LH:12
end_of_record
SF:lib\presentation\bloc\watchlist_movie\watchlist_movie_event.dart
DA:4,1
DA:5,1
DA:6,1
LF:3
LH:3
end_of_record
SF:lib\presentation\bloc\watchlist_movie\watchlist_movie_state.dart
DA:10,3
DA:16,1
DA:21,1
DA:22,0
DA:23,1
DA:24,1
DA:28,1
DA:29,4
LF:8
LH:7
end_of_record
SF:lib\presentation\pages\now_playing_movies_page.dart
DA:12,1
DA:14,1
DA:15,1
DA:19,1
DA:21,1
DA:22,4
DA:25,1
DA:27,1
DA:28,1
DA:31,1
DA:33,1
DA:34,1
DA:35,2
DA:37,2
DA:38,1
DA:39,2
DA:40,1
DA:41,2
DA:42,1
DA:46,0
DA:47,0
LF:21
LH:19
end_of_record
SF:lib\presentation\widgets\movie_card.dart
DA:10,4
DA:12,4
DA:14,4
DA:16,4
DA:17,0
DA:18,0
DA:21,0
DA:24,4
DA:26,4
DA:27,4
DA:28,4
DA:34,4
DA:36,4
DA:37,4
DA:38,8
DA:41,4
DA:44,4
DA:45,8
DA:53,4
DA:58,4
DA:60,4
DA:61,12
DA:63,4
DA:66,0
LF:24
LH:20
end_of_record
SF:lib\presentation\pages\movie_detail_page.dart
DA:18,1
DA:20,1
DA:21,1
DA:25,1
DA:27,1
DA:28,6
DA:29,6
DA:32,1
DA:34,1
DA:35,1
DA:36,1
DA:37,3
DA:38,2
DA:39,1
DA:40,1
DA:41,1
DA:42,1
DA:43,2
DA:44,2
DA:47,1
DA:49,3
DA:53,1
DA:54,1
DA:55,2
DA:57,2
DA:58,1
DA:59,1
DA:60,1
DA:61,1
DA:62,1
DA:63,1
DA:64,1
DA:65,1
DA:69,3
DA:85,1
DA:92,1
DA:94,1
DA:96,3
DA:97,1
DA:98,1
DA:99,1
DA:100,3
DA:102,1
DA:104,0
DA:106,1
DA:108,1
DA:110,1
DA:111,1
DA:117,1
DA:118,1
DA:119,1
DA:121,1
DA:123,1
DA:125,1
DA:126,4
DA:127,1
DA:128,1
DA:131,0
DA:132,0
DA:134,0
DA:135,0
DA:138,0
DA:139,0
DA:142,1
DA:144,1
DA:145,1
DA:157,4
DA:158,4
DA:159,1
DA:160,1
DA:161,1
DA:162,3
DA:164,1
DA:169,4
DA:173,2
DA:174,3
DA:176,2
DA:177,1
DA:178,1
DA:179,2
DA:181,1
DA:182,1
DA:186,2
DA:188,2
DA:189,2
DA:191,1
DA:193,1
DA:195,2
DA:196,1
DA:197,2
DA:198,1
DA:200,1
DA:201,1
DA:202,1
DA:203,1
DA:204,1
DA:207,1
DA:210,1
DA:214,1
DA:216,2
DA:217,1
DA:222,0
DA:232,0
DA:240,1
DA:242,1
DA:255,1
DA:257,1
DA:260,1
DA:262,2
DA:270,1
DA:271,4
DA:273,1
DA:274,1
DA:275,1
DA:276,1
DA:277,1
DA:279,1
LF:117
LH:108
end_of_record
SF:lib\presentation\pages\popular_movies_page.dart
DA:12,1
DA:14,1
DA:15,1
DA:19,1
DA:21,1
DA:22,4
DA:25,1
DA:27,1
DA:28,1
DA:31,1
DA:33,1
DA:34,1
DA:35,2
DA:39,2
DA:40,1
DA:41,1
DA:42,2
DA:43,1
DA:45,2
DA:48,1
DA:50,2
LF:21
LH:21
end_of_record
SF:lib\presentation\widgets\movie_list.dart
DA:7,1
DA:9,1
DA:11,1
DA:12,2
DA:13,1
DA:14,2
DA:15,1
LF:7
LH:7
end_of_record
SF:lib\presentation\pages\top_rated_movies_page.dart
DA:12,1
DA:14,1
DA:15,1
DA:19,1
DA:21,1
DA:22,4
DA:25,1
DA:27,1
DA:28,1
DA:31,1
DA:33,1
DA:34,1
DA:35,2
DA:39,2
DA:40,1
DA:41,1
DA:42,2
DA:43,1
DA:45,2
DA:48,1
DA:50,2
LF:21
LH:21
end_of_record
